  [1m[35m (700.2ms)[0m  [1m[35mCREATE DATABASE "freshapp_development" ENCODING = 'unicode'[0m
  [1m[35m (248.8ms)[0m  [1m[35mCREATE DATABASE "freshapp_test" ENCODING = 'unicode'[0m
  [1m[35m (31.5ms)[0m  [1m[35mCREATE TABLE "schema_migrations" ("version" character varying NOT NULL PRIMARY KEY)[0m
  [1m[35m (18.5ms)[0m  [1m[35mCREATE TABLE "ar_internal_metadata" ("key" character varying NOT NULL PRIMARY KEY, "value" character varying, "created_at" timestamp(6) NOT NULL, "updated_at" timestamp(6) NOT NULL)[0m
  [1m[35m (0.7ms)[0m  [1m[34mSELECT pg_try_advisory_lock(5241655448609367375)[0m
  [1m[36mActiveRecord::SchemaMigration Load (1.2ms)[0m  [1m[34mSELECT "schema_migrations"."version" FROM "schema_migrations" ORDER BY "schema_migrations"."version" ASC[0m
  [1m[36mActiveRecord::InternalMetadata Load (2.6ms)[0m  [1m[34mSELECT * FROM "ar_internal_metadata" WHERE "ar_internal_metadata"."key" = $1 ORDER BY "ar_internal_metadata"."key" ASC LIMIT 1[0m  [[nil, "environment"]]
  [1m[36mActiveRecord::InternalMetadata Create (4.5ms)[0m  [1m[32mINSERT INTO "ar_internal_metadata" ("key", "value", "created_at", "updated_at") VALUES ('environment', 'development', '2024-07-10 08:32:00.374518', '2024-07-10 08:32:00.374522') RETURNING "key"[0m
  [1m[35m (0.6ms)[0m  [1m[34mSELECT pg_advisory_unlock(5241655448609367375)[0m
  [1m[36mActiveRecord::SchemaMigration Load (0.4ms)[0m  [1m[34mSELECT "schema_migrations"."version" FROM "schema_migrations" ORDER BY "schema_migrations"."version" ASC[0m
  [1m[35m (3.2ms)[0m  [1m[34mSELECT pg_try_advisory_lock(5241655448609367375)[0m
  [1m[36mActiveRecord::SchemaMigration Load (2.0ms)[0m  [1m[34mSELECT "schema_migrations"."version" FROM "schema_migrations" ORDER BY "schema_migrations"."version" ASC[0m
  [1m[36mActiveRecord::InternalMetadata Load (3.1ms)[0m  [1m[34mSELECT * FROM "ar_internal_metadata" WHERE "ar_internal_metadata"."key" = $1 ORDER BY "ar_internal_metadata"."key" ASC LIMIT 1[0m  [[nil, "environment"]]
Migrating to CreateTesters (20240710083249)
  [1m[36mTRANSACTION (0.5ms)[0m  [1m[35mBEGIN[0m
  [1m[35m (67.0ms)[0m  [1m[35mCREATE TABLE "testers" ("id" bigserial primary key, "title" character varying, "email" character varying, "details" character varying, "created_at" timestamp(6) NOT NULL, "updated_at" timestamp(6) NOT NULL)[0m
  [1m[36mActiveRecord::SchemaMigration Create (2.5ms)[0m  [1m[32mINSERT INTO "schema_migrations" ("version") VALUES ('20240710083249') RETURNING "version"[0m
  [1m[36mTRANSACTION (2.7ms)[0m  [1m[35mCOMMIT[0m
  [1m[35m (0.6ms)[0m  [1m[34mSELECT pg_advisory_unlock(5241655448609367375)[0m
  [1m[36mActiveRecord::SchemaMigration Load (0.7ms)[0m  [1m[34mSELECT "schema_migrations"."version" FROM "schema_migrations" ORDER BY "schema_migrations"."version" ASC[0m
  [1m[36mActiveRecord::SchemaMigration Load (1.7ms)[0m  [1m[34mSELECT "schema_migrations"."version" FROM "schema_migrations" ORDER BY "schema_migrations"."version" ASC[0m
  [1m[36mActiveRecord::SchemaMigration Load (0.6ms)[0m  [1m[34mSELECT "schema_migrations"."version" FROM "schema_migrations" ORDER BY "schema_migrations"."version" ASC[0m
  [1m[36mActiveRecord::SchemaMigration Load (0.5ms)[0m  [1m[34mSELECT "schema_migrations"."version" FROM "schema_migrations" ORDER BY "schema_migrations"."version" ASC[0m
  [1m[35m (0.9ms)[0m  [1m[34mSELECT pg_try_advisory_lock(5241655448609367375)[0m
  [1m[36mActiveRecord::SchemaMigration Load (0.6ms)[0m  [1m[34mSELECT "schema_migrations"."version" FROM "schema_migrations" ORDER BY "schema_migrations"."version" ASC[0m
Migrating to CreateTesters (20240710083249)
  [1m[36mTRANSACTION (0.5ms)[0m  [1m[35mBEGIN[0m
  [1m[35m (24.2ms)[0m  [1m[35mDROP TABLE "testers"[0m
  [1m[36mActiveRecord::SchemaMigration Destroy (3.9ms)[0m  [1m[31mDELETE FROM "schema_migrations" WHERE "schema_migrations"."version" = '20240710083249'[0m
  [1m[36mTRANSACTION (6.4ms)[0m  [1m[35mCOMMIT[0m
  [1m[35m (0.5ms)[0m  [1m[34mSELECT pg_advisory_unlock(5241655448609367375)[0m
  [1m[36mActiveRecord::SchemaMigration Load (1.1ms)[0m  [1m[34mSELECT "schema_migrations"."version" FROM "schema_migrations" ORDER BY "schema_migrations"."version" ASC[0m
  [1m[35m (7.4ms)[0m  [1m[34mSELECT pg_try_advisory_lock(5241655448609367375)[0m
  [1m[36mActiveRecord::SchemaMigration Load (286.9ms)[0m  [1m[34mSELECT "schema_migrations"."version" FROM "schema_migrations" ORDER BY "schema_migrations"."version" ASC[0m
  [1m[36mActiveRecord::InternalMetadata Load (45.2ms)[0m  [1m[34mSELECT * FROM "ar_internal_metadata" WHERE "ar_internal_metadata"."key" = $1 ORDER BY "ar_internal_metadata"."key" ASC LIMIT 1[0m  [[nil, "environment"]]
Migrating to CreateSections (20240710083249)
  [1m[36mTRANSACTION (0.5ms)[0m  [1m[35mBEGIN[0m
  [1m[35m (222.8ms)[0m  [1m[35mCREATE TABLE "sections" ("id" bigserial primary key, "title" character varying, "details" character varying, "created_at" timestamp(6) NOT NULL, "updated_at" timestamp(6) NOT NULL)[0m
  [1m[36mActiveRecord::SchemaMigration Create (6.7ms)[0m  [1m[32mINSERT INTO "schema_migrations" ("version") VALUES ('20240710083249') RETURNING "version"[0m
  [1m[36mTRANSACTION (10.3ms)[0m  [1m[35mCOMMIT[0m
  [1m[35m (1.1ms)[0m  [1m[34mSELECT pg_advisory_unlock(5241655448609367375)[0m
  [1m[36mActiveRecord::SchemaMigration Load (0.9ms)[0m  [1m[34mSELECT "schema_migrations"."version" FROM "schema_migrations" ORDER BY "schema_migrations"."version" ASC[0m
Started GET "/" for ::1 at 2024-07-10 14:29:54 +0530
  [1m[36mActiveRecord::SchemaMigration Load (16.1ms)[0m  [1m[34mSELECT "schema_migrations"."version" FROM "schema_migrations" ORDER BY "schema_migrations"."version" ASC[0m
Processing by SectionsController#index as HTML
  Rendering layout layouts/application.html.erb
  Rendering sections/index.html.erb within layouts/application
  [1m[36mSection Load (7.1ms)[0m  [1m[34mSELECT "sections".* FROM "sections"[0m
  ↳ app/views/sections/index.html.erb:6
  Rendered sections/index.html.erb within layouts/application (Duration: 61.8ms | Allocations: 3935)
  Rendered layout layouts/application.html.erb (Duration: 5885.8ms | Allocations: 102776)
Completed 200 OK in 7983ms (Views: 6069.4ms | ActiveRecord: 16.9ms | Allocations: 124921)


Started GET "/sections/new" for ::1 at 2024-07-10 14:30:09 +0530
Processing by SectionsController#new as HTML
  Rendering layout layouts/application.html.erb
  Rendering sections/new.html.erb within layouts/application
  Rendered sections/new.html.erb within layouts/application (Duration: 337.1ms | Allocations: 5961)
  Rendered layout layouts/application.html.erb (Duration: 410.2ms | Allocations: 7116)
Completed 200 OK in 790ms (Views: 413.2ms | ActiveRecord: 67.1ms | Allocations: 83883)


Started POST "/sections" for ::1 at 2024-07-10 14:30:17 +0530
Processing by SectionsController#create as TURBO_STREAM
  Parameters: {"authenticity_token"=>"[FILTERED]", "section"=>{"title"=>"test", "description"=>"fhisdhfds"}, "commit"=>"Create Section"}
Completed 500 Internal Server Error in 34ms (ActiveRecord: 0.0ms | Allocations: 1016)


  
ActiveModel::UnknownAttributeError (unknown attribute 'description' for Section.):
  
app/controllers/sections_controller.rb:16:in `create'
Started GET "/" for ::1 at 2024-07-10 14:31:11 +0530
Processing by SectionsController#index as HTML
  Rendering layout layouts/application.html.erb
  Rendering sections/index.html.erb within layouts/application
  [1m[36mSection Load (92.3ms)[0m  [1m[34mSELECT "sections".* FROM "sections"[0m
  ↳ app/views/sections/index.html.erb:6
  Rendered sections/index.html.erb within layouts/application (Duration: 124.5ms | Allocations: 926)
  Rendered layout layouts/application.html.erb (Duration: 726.2ms | Allocations: 17085)
Completed 200 OK in 1199ms (Views: 669.3ms | ActiveRecord: 92.2ms | Allocations: 18849)


Started GET "/" for ::1 at 2024-07-10 14:31:15 +0530
Processing by SectionsController#index as HTML
  Rendering layout layouts/application.html.erb
  Rendering sections/index.html.erb within layouts/application
  [1m[36mSection Load (2.2ms)[0m  [1m[34mSELECT "sections".* FROM "sections"[0m
  ↳ app/views/sections/index.html.erb:6
  Rendered sections/index.html.erb within layouts/application (Duration: 9.3ms | Allocations: 586)
  Rendered layout layouts/application.html.erb (Duration: 135.3ms | Allocations: 1940)
Completed 200 OK in 181ms (Views: 137.2ms | ActiveRecord: 2.2ms | Allocations: 2260)


Started GET "/sections/new" for ::1 at 2024-07-10 14:31:18 +0530
Processing by SectionsController#new as HTML
  Rendering layout layouts/application.html.erb
  Rendering sections/new.html.erb within layouts/application
  Rendered sections/new.html.erb within layouts/application (Duration: 15.2ms | Allocations: 1357)
  Rendered layout layouts/application.html.erb (Duration: 118.0ms | Allocations: 2511)
Completed 200 OK in 220ms (Views: 124.3ms | ActiveRecord: 11.3ms | Allocations: 5459)


Started POST "/sections" for ::1 at 2024-07-10 14:31:23 +0530
Processing by SectionsController#create as TURBO_STREAM
  Parameters: {"authenticity_token"=>"[FILTERED]", "section"=>{"title"=>"test", "details"=>"details"}, "commit"=>"Create Section"}
  [1m[36mTRANSACTION (0.5ms)[0m  [1m[35mBEGIN[0m
  ↳ app/controllers/sections_controller.rb:17:in `create'
  [1m[36mSection Create (41.3ms)[0m  [1m[32mINSERT INTO "sections" ("title", "details", "created_at", "updated_at") VALUES ($1, $2, $3, $4) RETURNING "id"[0m  [["title", "test"], ["details", "details"], ["created_at", "2024-07-10 09:01:23.561057"], ["updated_at", "2024-07-10 09:01:23.561057"]]
  ↳ app/controllers/sections_controller.rb:17:in `create'
  [1m[36mTRANSACTION (3.9ms)[0m  [1m[35mCOMMIT[0m
  ↳ app/controllers/sections_controller.rb:17:in `create'
Redirected to http://localhost:3000/sections/1
Completed 302 Found in 120ms (ActiveRecord: 45.6ms | Allocations: 3542)


Started GET "/sections/1" for ::1 at 2024-07-10 14:31:23 +0530
Processing by SectionsController#show as TURBO_STREAM
  Parameters: {"id"=>"1"}
  [1m[36mSection Load (3.1ms)[0m  [1m[34mSELECT "sections".* FROM "sections" WHERE "sections"."id" = $1 LIMIT $2[0m  [["id", 1], ["LIMIT", 1]]
  ↳ app/controllers/sections_controller.rb:43:in `set_section'
  Rendering layout layouts/application.html.erb
  Rendering sections/show.html.erb within layouts/application
  Rendered sections/show.html.erb within layouts/application (Duration: 14.9ms | Allocations: 244)
  Rendered layout layouts/application.html.erb (Duration: 90.1ms | Allocations: 1595)
Completed 200 OK in 204ms (Views: 93.1ms | ActiveRecord: 3.4ms | Allocations: 4826)


Started GET "/sections/1/edit" for ::1 at 2024-07-10 14:31:25 +0530
Processing by SectionsController#edit as HTML
  Parameters: {"id"=>"1"}
  [1m[36mSection Load (0.4ms)[0m  [1m[34mSELECT "sections".* FROM "sections" WHERE "sections"."id" = $1 LIMIT $2[0m  [["id", 1], ["LIMIT", 1]]
  ↳ app/controllers/sections_controller.rb:43:in `set_section'
  Rendering layout layouts/application.html.erb
  Rendering sections/edit.html.erb within layouts/application
  Rendered sections/edit.html.erb within layouts/application (Duration: 14.1ms | Allocations: 1288)
  Rendered layout layouts/application.html.erb (Duration: 84.1ms | Allocations: 2438)
Completed 200 OK in 171ms (Views: 87.3ms | ActiveRecord: 0.4ms | Allocations: 3355)


Started GET "/sections" for ::1 at 2024-07-10 14:31:27 +0530
Processing by SectionsController#index as HTML
  Rendering layout layouts/application.html.erb
  Rendering sections/index.html.erb within layouts/application
  [1m[36mSection Load (1.0ms)[0m  [1m[34mSELECT "sections".* FROM "sections"[0m
  ↳ app/views/sections/index.html.erb:6
  Rendered sections/index.html.erb within layouts/application (Duration: 7.1ms | Allocations: 709)
  Rendered layout layouts/application.html.erb (Duration: 75.6ms | Allocations: 2070)
Completed 200 OK in 106ms (Views: 77.4ms | ActiveRecord: 1.1ms | Allocations: 2389)


Started GET "/sections/1" for ::1 at 2024-07-10 14:31:27 +0530
Processing by SectionsController#show as HTML
  Parameters: {"id"=>"1"}
  [1m[36mSection Load (0.9ms)[0m  [1m[34mSELECT "sections".* FROM "sections" WHERE "sections"."id" = $1 LIMIT $2[0m  [["id", 1], ["LIMIT", 1]]
  ↳ app/controllers/sections_controller.rb:43:in `set_section'
  Rendering layout layouts/application.html.erb
  Rendering sections/show.html.erb within layouts/application
  Rendered sections/show.html.erb within layouts/application (Duration: 0.7ms | Allocations: 71)
  Rendered layout layouts/application.html.erb (Duration: 81.6ms | Allocations: 1442)
Completed 200 OK in 132ms (Views: 85.8ms | ActiveRecord: 0.8ms | Allocations: 2282)


Started GET "/sections/new" for ::1 at 2024-07-10 14:31:28 +0530
Processing by SectionsController#new as HTML
  Rendering layout layouts/application.html.erb
  Rendering sections/new.html.erb within layouts/application
  Rendered sections/new.html.erb within layouts/application (Duration: 3.7ms | Allocations: 797)
  Rendered layout layouts/application.html.erb (Duration: 77.0ms | Allocations: 1951)
Completed 200 OK in 116ms (Views: 80.3ms | ActiveRecord: 0.0ms | Allocations: 2272)


Started POST "/sections" for ::1 at 2024-07-10 14:31:34 +0530
Processing by SectionsController#create as TURBO_STREAM
  Parameters: {"authenticity_token"=>"[FILTERED]", "section"=>{"title"=>"wersdf", "details"=>"sdfsdf"}, "commit"=>"Create Section"}
  [1m[36mTRANSACTION (0.5ms)[0m  [1m[35mBEGIN[0m
  ↳ app/controllers/sections_controller.rb:17:in `create'
  [1m[36mSection Create (5.8ms)[0m  [1m[32mINSERT INTO "sections" ("title", "details", "created_at", "updated_at") VALUES ($1, $2, $3, $4) RETURNING "id"[0m  [["title", "wersdf"], ["details", "sdfsdf"], ["created_at", "2024-07-10 09:01:35.122149"], ["updated_at", "2024-07-10 09:01:35.122149"]]
  ↳ app/controllers/sections_controller.rb:17:in `create'
  [1m[36mTRANSACTION (2.5ms)[0m  [1m[35mCOMMIT[0m
  ↳ app/controllers/sections_controller.rb:17:in `create'
Redirected to http://localhost:3000/sections/2
Completed 302 Found in 51ms (ActiveRecord: 8.8ms | Allocations: 2328)


Started GET "/sections/2" for ::1 at 2024-07-10 14:31:35 +0530
Processing by SectionsController#show as TURBO_STREAM
  Parameters: {"id"=>"2"}
  [1m[36mSection Load (0.4ms)[0m  [1m[34mSELECT "sections".* FROM "sections" WHERE "sections"."id" = $1 LIMIT $2[0m  [["id", 2], ["LIMIT", 1]]
  ↳ app/controllers/sections_controller.rb:43:in `set_section'
  Rendering layout layouts/application.html.erb
  Rendering sections/show.html.erb within layouts/application
  Rendered sections/show.html.erb within layouts/application (Duration: 0.6ms | Allocations: 71)
  Rendered layout layouts/application.html.erb (Duration: 69.1ms | Allocations: 1412)
Completed 200 OK in 107ms (Views: 72.7ms | ActiveRecord: 0.4ms | Allocations: 2253)


Started GET "/sections" for ::1 at 2024-07-10 14:31:36 +0530
Processing by SectionsController#index as HTML
  Rendering layout layouts/application.html.erb
  Rendering sections/index.html.erb within layouts/application
  [1m[36mSection Load (2.6ms)[0m  [1m[34mSELECT "sections".* FROM "sections"[0m
  ↳ app/views/sections/index.html.erb:6
  Rendered sections/index.html.erb within layouts/application (Duration: 10.2ms | Allocations: 803)
  Rendered layout layouts/application.html.erb (Duration: 99.3ms | Allocations: 2166)
Completed 200 OK in 143ms (Views: 99.6ms | ActiveRecord: 2.5ms | Allocations: 2485)


Started GET "/sections/1" for ::1 at 2024-07-10 14:31:37 +0530
Processing by SectionsController#show as HTML
  Parameters: {"id"=>"1"}
  [1m[36mSection Load (0.6ms)[0m  [1m[34mSELECT "sections".* FROM "sections" WHERE "sections"."id" = $1 LIMIT $2[0m  [["id", 1], ["LIMIT", 1]]
  ↳ app/controllers/sections_controller.rb:43:in `set_section'
  Rendering layout layouts/application.html.erb
  Rendering sections/show.html.erb within layouts/application
  Rendered sections/show.html.erb within layouts/application (Duration: 1.2ms | Allocations: 71)
  Rendered layout layouts/application.html.erb (Duration: 70.6ms | Allocations: 1424)
Completed 200 OK in 119ms (Views: 75.2ms | ActiveRecord: 0.6ms | Allocations: 2262)


Started GET "/sections/1/edit" for ::1 at 2024-07-10 14:31:38 +0530
Processing by SectionsController#edit as HTML
  Parameters: {"id"=>"1"}
  [1m[36mSection Load (0.5ms)[0m  [1m[34mSELECT "sections".* FROM "sections" WHERE "sections"."id" = $1 LIMIT $2[0m  [["id", 1], ["LIMIT", 1]]
  ↳ app/controllers/sections_controller.rb:43:in `set_section'
  Rendering layout layouts/application.html.erb
  Rendering sections/edit.html.erb within layouts/application
  Rendered sections/edit.html.erb within layouts/application (Duration: 5.0ms | Allocations: 832)
  Rendered layout layouts/application.html.erb (Duration: 91.6ms | Allocations: 1982)
Completed 200 OK in 135ms (Views: 95.9ms | ActiveRecord: 0.5ms | Allocations: 2825)


Started GET "/sections/2" for ::1 at 2024-07-10 14:31:39 +0530
Processing by SectionsController#show as HTML
  Parameters: {"id"=>"2"}
  [1m[36mSection Load (1.0ms)[0m  [1m[34mSELECT "sections".* FROM "sections" WHERE "sections"."id" = $1 LIMIT $2[0m  [["id", 2], ["LIMIT", 1]]
  ↳ app/controllers/sections_controller.rb:43:in `set_section'
  Rendering layout layouts/application.html.erb
  Rendering sections/show.html.erb within layouts/application
  Rendered sections/show.html.erb within layouts/application (Duration: 0.9ms | Allocations: 71)
  Rendered layout layouts/application.html.erb (Duration: 80.4ms | Allocations: 1426)
Completed 200 OK in 121ms (Views: 84.3ms | ActiveRecord: 1.0ms | Allocations: 2264)


Started GET "/sections/1/edit" for ::1 at 2024-07-10 14:31:39 +0530
Processing by SectionsController#edit as HTML
  Parameters: {"id"=>"1"}
  [1m[36mSection Load (0.6ms)[0m  [1m[34mSELECT "sections".* FROM "sections" WHERE "sections"."id" = $1 LIMIT $2[0m  [["id", 1], ["LIMIT", 1]]
  ↳ app/controllers/sections_controller.rb:43:in `set_section'
  Rendering layout layouts/application.html.erb
  Rendering sections/edit.html.erb within layouts/application
  Rendered sections/edit.html.erb within layouts/application (Duration: 3.2ms | Allocations: 828)
  Rendered layout layouts/application.html.erb (Duration: 84.4ms | Allocations: 1978)
Completed 200 OK in 135ms (Views: 88.9ms | ActiveRecord: 0.6ms | Allocations: 2819)


Started GET "/sections/1/edit" for ::1 at 2024-07-10 14:31:44 +0530
Processing by SectionsController#edit as HTML
  Parameters: {"id"=>"1"}
  [1m[36mSection Load (0.4ms)[0m  [1m[34mSELECT "sections".* FROM "sections" WHERE "sections"."id" = $1 LIMIT $2[0m  [["id", 1], ["LIMIT", 1]]
  ↳ app/controllers/sections_controller.rb:43:in `set_section'
  Rendering layout layouts/application.html.erb
  Rendering sections/edit.html.erb within layouts/application
  Rendered sections/edit.html.erb within layouts/application (Duration: 4.2ms | Allocations: 821)
  Rendered layout layouts/application.html.erb (Duration: 80.4ms | Allocations: 1971)
Completed 200 OK in 128ms (Views: 83.5ms | ActiveRecord: 0.3ms | Allocations: 2813)


Started PATCH "/sections/1" for ::1 at 2024-07-10 14:31:46 +0530
Processing by SectionsController#update as TURBO_STREAM
  Parameters: {"authenticity_token"=>"[FILTERED]", "section"=>{"title"=>"test", "details"=>"details"}, "commit"=>"Update Section", "id"=>"1"}
  [1m[36mSection Load (0.5ms)[0m  [1m[34mSELECT "sections".* FROM "sections" WHERE "sections"."id" = $1 LIMIT $2[0m  [["id", 1], ["LIMIT", 1]]
  ↳ app/controllers/sections_controller.rb:43:in `set_section'
Redirected to http://localhost:3000/sections/1
Completed 302 Found in 52ms (ActiveRecord: 0.5ms | Allocations: 1202)


Started GET "/sections/1" for ::1 at 2024-07-10 14:31:47 +0530
Processing by SectionsController#show as TURBO_STREAM
  Parameters: {"id"=>"1"}
  [1m[36mSection Load (0.4ms)[0m  [1m[34mSELECT "sections".* FROM "sections" WHERE "sections"."id" = $1 LIMIT $2[0m  [["id", 1], ["LIMIT", 1]]
  ↳ app/controllers/sections_controller.rb:43:in `set_section'
  Rendering layout layouts/application.html.erb
  Rendering sections/show.html.erb within layouts/application
  Rendered sections/show.html.erb within layouts/application (Duration: 0.6ms | Allocations: 71)
  Rendered layout layouts/application.html.erb (Duration: 95.0ms | Allocations: 1416)
Completed 200 OK in 153ms (Views: 98.8ms | ActiveRecord: 0.3ms | Allocations: 2257)


Started GET "/sections" for ::1 at 2024-07-10 14:32:10 +0530
Processing by SectionsController#index as HTML
  Rendering layout layouts/application.html.erb
  Rendering sections/index.html.erb within layouts/application
  [1m[36mSection Load (1.2ms)[0m  [1m[34mSELECT "sections".* FROM "sections"[0m
  ↳ app/views/sections/index.html.erb:6
  Rendered sections/index.html.erb within layouts/application (Duration: 7.7ms | Allocations: 803)
  Rendered layout layouts/application.html.erb (Duration: 85.2ms | Allocations: 2173)
Completed 200 OK in 115ms (Views: 86.9ms | ActiveRecord: 1.1ms | Allocations: 2492)


Started GET "/sections/1" for ::1 at 2024-07-10 14:32:11 +0530
Processing by SectionsController#show as HTML
  Parameters: {"id"=>"1"}
  [1m[36mSection Load (0.4ms)[0m  [1m[34mSELECT "sections".* FROM "sections" WHERE "sections"."id" = $1 LIMIT $2[0m  [["id", 1], ["LIMIT", 1]]
  ↳ app/controllers/sections_controller.rb:43:in `set_section'
  Rendering layout layouts/application.html.erb
  Rendering sections/show.html.erb within layouts/application
  Rendered sections/show.html.erb within layouts/application (Duration: 0.6ms | Allocations: 71)
  Rendered layout layouts/application.html.erb (Duration: 69.0ms | Allocations: 1416)
Completed 200 OK in 102ms (Views: 71.8ms | ActiveRecord: 0.3ms | Allocations: 2254)


Started GET "/sections" for ::1 at 2024-07-10 14:37:29 +0530
Processing by SectionsController#index as HTML
  Rendering layout layouts/application.html.erb
  Rendering sections/index.html.erb within layouts/application
  [1m[36mSection Load (8.1ms)[0m  [1m[34mSELECT "sections".* FROM "sections"[0m
  ↳ app/views/sections/index.html.erb:6
  Rendered sections/index.html.erb within layouts/application (Duration: 101.8ms | Allocations: 3730)
  Rendered layout layouts/application.html.erb (Duration: 660.8ms | Allocations: 19872)
Completed 200 OK in 766ms (Views: 663.6ms | ActiveRecord: 20.8ms | Allocations: 21623)


Started GET "/sections" for ::1 at 2024-07-10 14:37:39 +0530
Processing by SectionsController#index as HTML
  Rendering layout layouts/application.html.erb
  Rendering sections/index.html.erb within layouts/application
  [1m[36mSection Load (1.3ms)[0m  [1m[34mSELECT "sections".* FROM "sections"[0m
  ↳ app/views/sections/index.html.erb:6
  Rendered sections/index.html.erb within layouts/application (Duration: 8.6ms | Allocations: 804)
  Rendered layout layouts/application.html.erb (Duration: 116.7ms | Allocations: 2167)
Completed 200 OK in 153ms (Views: 119.1ms | ActiveRecord: 1.2ms | Allocations: 2489)


Started GET "/sections" for ::1 at 2024-07-10 14:38:19 +0530
Processing by SectionsController#index as HTML
  Rendering layout layouts/application.html.erb
  Rendering sections/index.html.erb within layouts/application
  [1m[36mSection Load (0.9ms)[0m  [1m[34mSELECT "sections".* FROM "sections"[0m
  ↳ app/views/sections/index.html.erb:6
  Rendered sections/index.html.erb within layouts/application (Duration: 39.1ms | Allocations: 3737)
  Rendered layout layouts/application.html.erb (Duration: 462.3ms | Allocations: 19815)
Completed 200 OK in 580ms (Views: 481.5ms | ActiveRecord: 5.8ms | Allocations: 21565)


Started GET "/sections" for ::1 at 2024-07-10 14:38:34 +0530
Processing by SectionsController#index as HTML
  Rendering layout layouts/application.html.erb
  Rendering sections/index.html.erb within layouts/application
  [1m[36mSection Load (0.9ms)[0m  [1m[34mSELECT "sections".* FROM "sections"[0m
  ↳ app/views/sections/index.html.erb:6
  Rendered sections/index.html.erb within layouts/application (Duration: 37.0ms | Allocations: 3733)
  Rendered layout layouts/application.html.erb (Duration: 537.3ms | Allocations: 19874)
Completed 200 OK in 700ms (Views: 565.4ms | ActiveRecord: 8.0ms | Allocations: 21628)


Started GET "/sections" for ::1 at 2024-07-10 14:40:11 +0530
Processing by SectionsController#index as HTML
  Rendering layout layouts/application.html.erb
  Rendering sections/index.html.erb within layouts/application
  [1m[36mSection Load (6.9ms)[0m  [1m[34mSELECT "sections".* FROM "sections"[0m
  ↳ app/views/sections/index.html.erb:6
  Rendered sections/index.html.erb within layouts/application (Duration: 79.3ms | Allocations: 3807)
  Rendered layout layouts/application.html.erb (Duration: 555.7ms | Allocations: 19975)
Completed 200 OK in 702ms (Views: 564.2ms | ActiveRecord: 26.1ms | Allocations: 21732)


Started GET "/sections/2" for ::1 at 2024-07-10 14:40:22 +0530
Processing by SectionsController#show as HTML
  Parameters: {"id"=>"2"}
  [1m[36mSection Load (0.6ms)[0m  [1m[34mSELECT "sections".* FROM "sections" WHERE "sections"."id" = $1 LIMIT $2[0m  [["id", 2], ["LIMIT", 1]]
  ↳ app/controllers/sections_controller.rb:44:in `set_section'
  Rendering layout layouts/application.html.erb
  Rendering sections/show.html.erb within layouts/application
  Rendered sections/show.html.erb within layouts/application (Duration: 13.4ms | Allocations: 234)
  Rendered layout layouts/application.html.erb (Duration: 83.9ms | Allocations: 1591)
Completed 200 OK in 138ms (Views: 86.8ms | ActiveRecord: 0.6ms | Allocations: 3100)


Started GET "/sections/1" for ::1 at 2024-07-10 14:40:22 +0530
Processing by SectionsController#show as HTML
  Parameters: {"id"=>"1"}
  [1m[36mSection Load (0.5ms)[0m  [1m[34mSELECT "sections".* FROM "sections" WHERE "sections"."id" = $1 LIMIT $2[0m  [["id", 1], ["LIMIT", 1]]
  ↳ app/controllers/sections_controller.rb:44:in `set_section'
  Rendering layout layouts/application.html.erb
  Rendering sections/show.html.erb within layouts/application
  Rendered sections/show.html.erb within layouts/application (Duration: 0.6ms | Allocations: 71)
  Rendered layout layouts/application.html.erb (Duration: 84.0ms | Allocations: 1410)
Completed 200 OK in 139ms (Views: 87.3ms | ActiveRecord: 0.4ms | Allocations: 2248)


Started GET "/sections/2" for ::1 at 2024-07-10 14:40:24 +0530
Processing by SectionsController#show as HTML
  Parameters: {"id"=>"2"}
  [1m[36mSection Load (0.3ms)[0m  [1m[34mSELECT "sections".* FROM "sections" WHERE "sections"."id" = $1 LIMIT $2[0m  [["id", 2], ["LIMIT", 1]]
  ↳ app/controllers/sections_controller.rb:44:in `set_section'
  Rendering layout layouts/application.html.erb
  Rendering sections/show.html.erb within layouts/application
  Rendered sections/show.html.erb within layouts/application (Duration: 0.9ms | Allocations: 71)
  Rendered layout layouts/application.html.erb (Duration: 61.8ms | Allocations: 1426)
Completed 200 OK in 94ms (Views: 64.2ms | ActiveRecord: 0.3ms | Allocations: 2264)


Started GET "/sections" for ::1 at 2024-07-10 14:40:26 +0530
Processing by SectionsController#index as HTML
  Rendering layout layouts/application.html.erb
  Rendering sections/index.html.erb within layouts/application
  [1m[36mSection Load (1.1ms)[0m  [1m[34mSELECT "sections".* FROM "sections"[0m
  ↳ app/views/sections/index.html.erb:6
  Rendered sections/index.html.erb within layouts/application (Duration: 5.9ms | Allocations: 811)
  Rendered layout layouts/application.html.erb (Duration: 66.6ms | Allocations: 2158)
Completed 200 OK in 95ms (Views: 68.1ms | ActiveRecord: 1.1ms | Allocations: 2477)


Started GET "/sections/1" for ::1 at 2024-07-10 14:40:28 +0530
Processing by SectionsController#show as HTML
  Parameters: {"id"=>"1"}
  [1m[36mSection Load (0.4ms)[0m  [1m[34mSELECT "sections".* FROM "sections" WHERE "sections"."id" = $1 LIMIT $2[0m  [["id", 1], ["LIMIT", 1]]
  ↳ app/controllers/sections_controller.rb:44:in `set_section'
  Rendering layout layouts/application.html.erb
  Rendering sections/show.html.erb within layouts/application
  Rendered sections/show.html.erb within layouts/application (Duration: 1.0ms | Allocations: 71)
  Rendered layout layouts/application.html.erb (Duration: 84.0ms | Allocations: 1430)
Completed 200 OK in 122ms (Views: 88.2ms | ActiveRecord: 0.4ms | Allocations: 2268)


Started GET "/sections" for ::1 at 2024-07-10 14:40:52 +0530
Processing by SectionsController#index as HTML
  Rendering layout layouts/application.html.erb
  Rendering sections/index.html.erb within layouts/application
  [1m[36mSection Load (0.9ms)[0m  [1m[34mSELECT "sections".* FROM "sections"[0m
  ↳ app/views/sections/index.html.erb:6
  Rendered sections/index.html.erb within layouts/application (Duration: 33.6ms | Allocations: 4141)
  Rendered layout layouts/application.html.erb (Duration: 438.8ms | Allocations: 20008)
Completed 200 OK in 553ms (Views: 459.4ms | ActiveRecord: 5.3ms | Allocations: 21758)


Started DELETE "/sections/2" for ::1 at 2024-07-10 14:40:55 +0530
Processing by SectionsController#destroy as TURBO_STREAM
  Parameters: {"authenticity_token"=>"[FILTERED]", "id"=>"2"}
  [1m[36mSection Load (0.4ms)[0m  [1m[34mSELECT "sections".* FROM "sections" WHERE "sections"."id" = $1 LIMIT $2[0m  [["id", 2], ["LIMIT", 1]]
  ↳ app/controllers/sections_controller.rb:44:in `set_section'
  [1m[36mTRANSACTION (0.9ms)[0m  [1m[35mBEGIN[0m
  ↳ app/controllers/sections_controller.rb:37:in `destroy'
  [1m[36mSection Destroy (11.7ms)[0m  [1m[31mDELETE FROM "sections" WHERE "sections"."id" = $1[0m  [["id", 2]]
  ↳ app/controllers/sections_controller.rb:37:in `destroy'
  [1m[36mTRANSACTION (5.5ms)[0m  [1m[35mCOMMIT[0m
  ↳ app/controllers/sections_controller.rb:37:in `destroy'
Redirected to http://localhost:3000/sections
Completed 302 Found in 69ms (ActiveRecord: 18.5ms | Allocations: 3161)


Started GET "/sections" for ::1 at 2024-07-10 14:40:56 +0530
Processing by SectionsController#index as TURBO_STREAM
  Rendering layout layouts/application.html.erb
  Rendering sections/index.html.erb within layouts/application
  [1m[36mSection Load (1.1ms)[0m  [1m[34mSELECT "sections".* FROM "sections"[0m
  ↳ app/views/sections/index.html.erb:6
  Rendered sections/index.html.erb within layouts/application (Duration: 9.6ms | Allocations: 1007)
  Rendered layout layouts/application.html.erb (Duration: 83.6ms | Allocations: 2161)
Completed 200 OK in 117ms (Views: 85.2ms | ActiveRecord: 1.0ms | Allocations: 2530)


  [1m[35m (403.7ms)[0m  [1m[35mCREATE DATABASE "session_development" ENCODING = 'unicode'[0m
  [1m[35m (461.7ms)[0m  [1m[35mCREATE DATABASE "session_test" ENCODING = 'unicode'[0m
  [1m[35m (77.5ms)[0m  [1m[35mCREATE TABLE "schema_migrations" ("version" character varying NOT NULL PRIMARY KEY)[0m
  [1m[35m (15.1ms)[0m  [1m[35mCREATE TABLE "ar_internal_metadata" ("key" character varying NOT NULL PRIMARY KEY, "value" character varying, "created_at" timestamp(6) NOT NULL, "updated_at" timestamp(6) NOT NULL)[0m
  [1m[35m (1.0ms)[0m  [1m[34mSELECT pg_try_advisory_lock(2086361022097598505)[0m
  [1m[36mActiveRecord::SchemaMigration Load (1.1ms)[0m  [1m[34mSELECT "schema_migrations"."version" FROM "schema_migrations" ORDER BY "schema_migrations"."version" ASC[0m
  [1m[36mActiveRecord::InternalMetadata Load (4.1ms)[0m  [1m[34mSELECT * FROM "ar_internal_metadata" WHERE "ar_internal_metadata"."key" = $1 ORDER BY "ar_internal_metadata"."key" ASC LIMIT 1[0m  [[nil, "environment"]]
  [1m[36mActiveRecord::InternalMetadata Create (10.6ms)[0m  [1m[32mINSERT INTO "ar_internal_metadata" ("key", "value", "created_at", "updated_at") VALUES ('environment', 'development', '2024-08-06 11:46:37.870866', '2024-08-06 11:46:37.870870') RETURNING "key"[0m
Migrating to CreateSections (20240710083249)
  [1m[36mTRANSACTION (0.6ms)[0m  [1m[35mBEGIN[0m
  [1m[35m (59.2ms)[0m  [1m[35mCREATE TABLE "sections" ("id" bigserial primary key, "title" character varying, "details" character varying, "created_at" timestamp(6) NOT NULL, "updated_at" timestamp(6) NOT NULL)[0m
  [1m[36mActiveRecord::SchemaMigration Create (1.3ms)[0m  [1m[32mINSERT INTO "schema_migrations" ("version") VALUES ('20240710083249') RETURNING "version"[0m
  [1m[36mTRANSACTION (1.5ms)[0m  [1m[35mCOMMIT[0m
  [1m[35m (1.0ms)[0m  [1m[34mSELECT pg_advisory_unlock(2086361022097598505)[0m
  [1m[36mActiveRecord::SchemaMigration Load (1.3ms)[0m  [1m[34mSELECT "schema_migrations"."version" FROM "schema_migrations" ORDER BY "schema_migrations"."version" ASC[0m
Started GET "/" for ::1 at 2024-08-06 17:17:47 +0530
  [1m[36mActiveRecord::SchemaMigration Load (1.4ms)[0m  [1m[34mSELECT "schema_migrations"."version" FROM "schema_migrations" ORDER BY "schema_migrations"."version" ASC[0m
Processing by Rails::WelcomeController#index as HTML
  Rendering /home/developer/.rvm/gems/ruby-3.0.0/gems/railties-7.1.3.4/lib/rails/templates/rails/welcome/index.html.erb
  Rendered /home/developer/.rvm/gems/ruby-3.0.0/gems/railties-7.1.3.4/lib/rails/templates/rails/welcome/index.html.erb (Duration: 2.4ms | Allocations: 525)
Completed 200 OK in 567ms (Views: 102.9ms | ActiveRecord: 0.0ms | Allocations: 6509)


  [1m[35m (3.5ms)[0m  [1m[34mSELECT pg_try_advisory_lock(2086361022097598505)[0m
  [1m[36mActiveRecord::SchemaMigration Load (10.4ms)[0m  [1m[34mSELECT "schema_migrations"."version" FROM "schema_migrations" ORDER BY "schema_migrations"."version" ASC[0m
  [1m[36mActiveRecord::InternalMetadata Load (11.6ms)[0m  [1m[34mSELECT * FROM "ar_internal_metadata" WHERE "ar_internal_metadata"."key" = $1 ORDER BY "ar_internal_metadata"."key" ASC LIMIT 1[0m  [[nil, "environment"]]
Migrating to CreateUsers (20240806115007)
  [1m[36mTRANSACTION (0.5ms)[0m  [1m[35mBEGIN[0m
  [1m[35m (104.0ms)[0m  [1m[35mCREATE TABLE "users" ("id" bigserial primary key, "username" character varying, "email" character varying, "password_digest" character varying, "created_at" timestamp(6) NOT NULL, "updated_at" timestamp(6) NOT NULL)[0m
  [1m[36mActiveRecord::SchemaMigration Create (5.0ms)[0m  [1m[32mINSERT INTO "schema_migrations" ("version") VALUES ('20240806115007') RETURNING "version"[0m
  [1m[36mTRANSACTION (4.3ms)[0m  [1m[35mCOMMIT[0m
  [1m[35m (0.8ms)[0m  [1m[34mSELECT pg_advisory_unlock(2086361022097598505)[0m
  [1m[36mActiveRecord::SchemaMigration Load (1.1ms)[0m  [1m[34mSELECT "schema_migrations"."version" FROM "schema_migrations" ORDER BY "schema_migrations"."version" ASC[0m
Started GET "/" for ::1 at 2024-08-06 17:47:09 +0530
  [1m[36mActiveRecord::SchemaMigration Load (9.5ms)[0m  [1m[34mSELECT "schema_migrations"."version" FROM "schema_migrations" ORDER BY "schema_migrations"."version" ASC[0m
Processing by Rails::WelcomeController#index as HTML
  Rendering /home/developer/.rvm/gems/ruby-3.0.0/gems/railties-7.1.3.4/lib/rails/templates/rails/welcome/index.html.erb
  Rendered /home/developer/.rvm/gems/ruby-3.0.0/gems/railties-7.1.3.4/lib/rails/templates/rails/welcome/index.html.erb (Duration: 29.5ms | Allocations: 525)
Completed 200 OK in 219ms (Views: 65.6ms | ActiveRecord: 0.0ms | Allocations: 6451)


Started GET "/ff" for ::1 at 2024-08-06 17:47:21 +0530
  
ActionController::RoutingError (No route matches [GET] "/ff"):
  
Started GET "/signup" for ::1 at 2024-08-06 17:47:38 +0530
Processing by UsersController#new as HTML
  Rendering layout layouts/application.html.erb
  Rendering users/new.html.erb within layouts/application
  Rendered users/new.html.erb within layouts/application (Duration: 128.2ms | Allocations: 2372)
  Rendered layout layouts/application.html.erb (Duration: 3211.4ms | Allocations: 37638)
Completed 200 OK in 4188ms (Views: 3495.2ms | ActiveRecord: 101.0ms | Allocations: 136856)


Started POST "/signup" for ::1 at 2024-08-06 17:47:55 +0530
Processing by UsersController#create as TURBO_STREAM
  Parameters: {"authenticity_token"=>"[FILTERED]", "user"=>{"username"=>"admin@example.com", "email"=>"admin@example.com", "password"=>"[FILTERED]", "password_confirmation"=>"[FILTERED]"}, "commit"=>"Sign Up"}
  [1m[36mTRANSACTION (0.5ms)[0m  [1m[35mBEGIN[0m
  ↳ app/controllers/users_controller.rb:8:in `create'
  [1m[36mUser Exists? (16.3ms)[0m  [1m[34mSELECT 1 AS one FROM "users" WHERE "users"."username" = $1 LIMIT $2[0m  [["username", "admin@example.com"], ["LIMIT", 1]]
  ↳ app/controllers/users_controller.rb:8:in `create'
  [1m[36mUser Exists? (0.8ms)[0m  [1m[34mSELECT 1 AS one FROM "users" WHERE "users"."email" = $1 LIMIT $2[0m  [["email", "admin@example.com"], ["LIMIT", 1]]
  ↳ app/controllers/users_controller.rb:8:in `create'
  [1m[36mUser Create (33.3ms)[0m  [1m[32mINSERT INTO "users" ("username", "email", "password_digest", "created_at", "updated_at") VALUES ($1, $2, $3, $4, $5) RETURNING "id"[0m  [["username", "admin@example.com"], ["email", "admin@example.com"], ["password_digest", "[FILTERED]"], ["created_at", "2024-08-06 12:17:56.709932"], ["updated_at", "2024-08-06 12:17:56.709932"]]
  ↳ app/controllers/users_controller.rb:8:in `create'
  [1m[36mTRANSACTION (8.8ms)[0m  [1m[35mCOMMIT[0m
  ↳ app/controllers/users_controller.rb:8:in `create'
Completed 500 Internal Server Error in 897ms (ActiveRecord: 59.6ms | Allocations: 13733)


  
NameError (undefined local variable or method `root_path' for #<UsersController:0x0000000000c210>
Did you mean?  logout_path):
  
app/controllers/users_controller.rb:10:in `create'
Started GET "/" for ::1 at 2024-08-06 18:28:34 +0530
  [1m[36mActiveRecord::SchemaMigration Load (10.0ms)[0m  [1m[34mSELECT "schema_migrations"."version" FROM "schema_migrations" ORDER BY "schema_migrations"."version" ASC[0m
  
ActionController::RoutingError (uninitialized constant SessionsController
Did you mean?  SeassionsController
               SectionsController):
  
Started GET "/channels" for ::1 at 2024-08-06 18:28:45 +0530
  
ActionController::RoutingError (No route matches [GET] "/channels"):
  
Started GET "/channels" for ::1 at 2024-08-06 18:29:04 +0530
  
ArgumentError (:to must respond to `action` or `call`, or it must be a String that includes '#'):
  
config/routes.rb:4:in `block in <main>'
config/routes.rb:1:in `<main>'
Started GET "/" for ::1 at 2024-08-06 18:29:43 +0530
  
ArgumentError (:to must respond to `action` or `call`, or it must be a String that includes '#'):
  
config/routes.rb:4:in `block in <main>'
config/routes.rb:1:in `<main>'
Started GET "/" for ::1 at 2024-08-07 12:23:06 +0530
Started GET "/" for ::1 at 2024-08-07 12:23:06 +0530
  [1m[36mActiveRecord::SchemaMigration Load (7.8ms)[0m  [1m[34mSELECT "schema_migrations"."version" FROM "schema_migrations" ORDER BY "schema_migrations"."version" ASC[0m
  
ActionController::RoutingError (uninitialized constant SessionsController
Did you mean?  SeassionsController
               SectionsController):
  
  
ActionController::RoutingError (uninitialized constant SessionsController
Did you mean?  SeassionsController
               SectionsController):
  
Started GET "/" for ::1 at 2024-08-07 12:24:42 +0530
  
ActionController::RoutingError (uninitialized constant SessionsController
Did you mean?  SeassionsController
               SectionsController):
  
Started GET "/" for ::1 at 2024-08-07 12:26:23 +0530
  
Zeitwerk::NameError (expected file /mnt/c/Users/my/Documents/ruby/seassion/app/helpers/seassions_helper.rb to define constant SeassionsHelper, but didn't):
  
app/controllers/application_controller.rb:1:in `<main>'
app/controllers/sessions_controller.rb:1:in `<main>'
Started GET "/" for ::1 at 2024-08-07 12:28:18 +0530
Processing by SessionsController#new as HTML
  Rendering layout layouts/application.html.erb
  Rendering sessions/new.html.erb within layouts/application
  Rendered sessions/new.html.erb within layouts/application (Duration: 209.4ms | Allocations: 3367)
  Rendered layout layouts/application.html.erb (Duration: 2769.3ms | Allocations: 37454)
Completed 200 OK in 3027ms (Views: 2817.2ms | ActiveRecord: 0.0ms | Allocations: 40218)


Started POST "/login" for ::1 at 2024-08-07 12:28:26 +0530
Processing by SessionsController#create as TURBO_STREAM
  Parameters: {"authenticity_token"=>"[FILTERED]", "email"=>"admin@example.com", "password"=>"[FILTERED]", "commit"=>"Log In"}
  [1m[36mUser Load (4.3ms)[0m  [1m[34mSELECT "users".* FROM "users" WHERE "users"."email" = $1 LIMIT $2[0m  [["email", "admin@example.com"], ["LIMIT", 1]]
  ↳ app/controllers/sessions_controller.rb:6:in `create'
Redirected to http://localhost:3000/dashboard
Completed 302 Found in 1555ms (ActiveRecord: 131.2ms | Allocations: 102781)


Started GET "/dashboard" for ::1 at 2024-08-07 12:28:28 +0530
Processing by DashboardController#index as TURBO_STREAM
  [1m[36mUser Load (1.2ms)[0m  [1m[34mSELECT "users".* FROM "users" WHERE "users"."id" = $1 LIMIT $2[0m  [["id", 1], ["LIMIT", 1]]
  ↳ app/controllers/application_controller.rb:5:in `current_user'
  Rendering layout layouts/application.html.erb
  Rendering dashboard/index.html.erb within layouts/application
  Rendered dashboard/index.html.erb within layouts/application (Duration: 18.1ms | Allocations: 213)
  Rendered layout layouts/application.html.erb (Duration: 104.5ms | Allocations: 1455)
Completed 200 OK in 184ms (Views: 115.8ms | ActiveRecord: 1.2ms | Allocations: 3752)


Started GET "/logout" for ::1 at 2024-08-07 12:28:35 +0530
  
ActionController::RoutingError (No route matches [GET] "/logout"):
  
Started GET "/" for ::1 at 2024-08-07 12:28:39 +0530
Processing by SessionsController#new as HTML
  Rendering layout layouts/application.html.erb
  Rendering sessions/new.html.erb within layouts/application
  Rendered sessions/new.html.erb within layouts/application (Duration: 2.5ms | Allocations: 2338)
  Rendered layout layouts/application.html.erb (Duration: 85.9ms | Allocations: 3494)
Completed 200 OK in 121ms (Views: 88.9ms | ActiveRecord: 0.0ms | Allocations: 3789)


Started POST "/login" for ::1 at 2024-08-07 12:28:51 +0530
Processing by SessionsController#create as TURBO_STREAM
  Parameters: {"authenticity_token"=>"[FILTERED]", "email"=>"", "password"=>"[FILTERED]", "commit"=>"Log In"}
  [1m[36mUser Load (0.4ms)[0m  [1m[34mSELECT "users".* FROM "users" WHERE "users"."email" = $1 LIMIT $2[0m  [["email", ""], ["LIMIT", 1]]
  ↳ app/controllers/sessions_controller.rb:6:in `create'
  Rendering layout layouts/application.html.erb
  Rendering sessions/new.html.erb within layouts/application
  Rendered sessions/new.html.erb within layouts/application (Duration: 3.3ms | Allocations: 2129)
  Rendered layout layouts/application.html.erb (Duration: 97.6ms | Allocations: 3279)
Completed 200 OK in 134ms (Views: 101.2ms | ActiveRecord: 0.4ms | Allocations: 4353)


Started GET "/singup" for ::1 at 2024-08-07 12:29:08 +0530
  
ActionController::RoutingError (No route matches [GET] "/singup"):
  
Started GET "/signup" for ::1 at 2024-08-07 12:29:23 +0530
Processing by UsersController#new as HTML
  Rendering layout layouts/application.html.erb
  Rendering users/new.html.erb within layouts/application
  Rendered users/new.html.erb within layouts/application (Duration: 15.6ms | Allocations: 1608)
  Rendered layout layouts/application.html.erb (Duration: 89.7ms | Allocations: 2833)
Completed 200 OK in 142ms (Views: 99.7ms | ActiveRecord: 0.0ms | Allocations: 3720)


Started POST "/signup" for ::1 at 2024-08-07 12:30:04 +0530
Processing by UsersController#create as TURBO_STREAM
  Parameters: {"authenticity_token"=>"[FILTERED]", "user"=>{"username"=>"tessst", "email"=>"test@gmail.com", "password"=>"[FILTERED]", "password_confirmation"=>"[FILTERED]"}, "commit"=>"Sign Up"}
  [1m[36mTRANSACTION (0.5ms)[0m  [1m[35mBEGIN[0m
  ↳ app/controllers/users_controller.rb:8:in `create'
  [1m[36mUser Exists? (6.1ms)[0m  [1m[34mSELECT 1 AS one FROM "users" WHERE "users"."username" = $1 LIMIT $2[0m  [["username", "tessst"], ["LIMIT", 1]]
  ↳ app/controllers/users_controller.rb:8:in `create'
  [1m[36mUser Exists? (0.7ms)[0m  [1m[34mSELECT 1 AS one FROM "users" WHERE "users"."email" = $1 LIMIT $2[0m  [["email", "test@gmail.com"], ["LIMIT", 1]]
  ↳ app/controllers/users_controller.rb:8:in `create'
  [1m[36mUser Create (15.3ms)[0m  [1m[32mINSERT INTO "users" ("username", "email", "password_digest", "created_at", "updated_at") VALUES ($1, $2, $3, $4, $5) RETURNING "id"[0m  [["username", "tessst"], ["email", "test@gmail.com"], ["password_digest", "[FILTERED]"], ["created_at", "2024-08-07 07:00:05.084897"], ["updated_at", "2024-08-07 07:00:05.084897"]]
  ↳ app/controllers/users_controller.rb:8:in `create'
  [1m[36mTRANSACTION (5.1ms)[0m  [1m[35mCOMMIT[0m
  ↳ app/controllers/users_controller.rb:8:in `create'
Redirected to http://localhost:3000/dashboard
Completed 302 Found in 493ms (ActiveRecord: 27.6ms | Allocations: 5355)


Started GET "/dashboard" for ::1 at 2024-08-07 12:30:05 +0530
Processing by DashboardController#index as TURBO_STREAM
  [1m[36mUser Load (0.9ms)[0m  [1m[34mSELECT "users".* FROM "users" WHERE "users"."id" = $1 LIMIT $2[0m  [["id", 2], ["LIMIT", 1]]
  ↳ app/controllers/application_controller.rb:5:in `current_user'
  Rendering layout layouts/application.html.erb
  Rendering dashboard/index.html.erb within layouts/application
  Rendered dashboard/index.html.erb within layouts/application (Duration: 0.7ms | Allocations: 57)
  Rendered layout layouts/application.html.erb (Duration: 91.5ms | Allocations: 1223)
Completed 200 OK in 142ms (Views: 95.0ms | ActiveRecord: 0.9ms | Allocations: 2250)


Started GET "/logout" for ::1 at 2024-08-07 12:30:12 +0530
  
ActionController::RoutingError (No route matches [GET] "/logout"):
  
Started GET "/" for ::1 at 2024-08-07 12:32:22 +0530
Processing by SessionsController#new as HTML
  Rendering layout layouts/application.html.erb
  Rendering sessions/new.html.erb within layouts/application
  Rendered sessions/new.html.erb within layouts/application (Duration: 20.8ms | Allocations: 2563)
  Rendered layout layouts/application.html.erb (Duration: 416.8ms | Allocations: 18521)
Completed 200 OK in 491ms (Views: 439.6ms | ActiveRecord: 0.0ms | Allocations: 19633)


Started GET "/" for ::1 at 2024-08-07 12:34:28 +0530
Processing by SessionsController#new as HTML
  Rendering layout layouts/application.html.erb
  Rendering sessions/new.html.erb within layouts/application
  Rendered sessions/new.html.erb within layouts/application (Duration: 24.8ms | Allocations: 2566)
  Rendered layout layouts/application.html.erb (Duration: 459.7ms | Allocations: 18432)
Completed 200 OK in 546ms (Views: 486.6ms | ActiveRecord: 0.0ms | Allocations: 19541)


Started POST "/login" for ::1 at 2024-08-07 12:34:34 +0530
Processing by SessionsController#create as TURBO_STREAM
  Parameters: {"authenticity_token"=>"[FILTERED]", "email"=>"admin@example.com", "password"=>"[FILTERED]", "commit"=>"Log In"}
  [1m[36mUser Load (0.6ms)[0m  [1m[34mSELECT "users".* FROM "users" WHERE "users"."email" = $1 LIMIT $2[0m  [["email", "admin@example.com"], ["LIMIT", 1]]
  ↳ app/controllers/sessions_controller.rb:6:in `create'
Redirected to http://localhost:3000/dashboard
Completed 302 Found in 621ms (ActiveRecord: 21.6ms | Allocations: 5012)


Started GET "/dashboard" for ::1 at 2024-08-07 12:34:35 +0530
Processing by DashboardController#index as TURBO_STREAM
  [1m[36mUser Load (0.6ms)[0m  [1m[34mSELECT "users".* FROM "users" WHERE "users"."id" = $1 LIMIT $2[0m  [["id", 1], ["LIMIT", 1]]
  ↳ app/controllers/application_controller.rb:5:in `current_user'
  Rendering layout layouts/application.html.erb
  Rendering dashboard/index.html.erb within layouts/application
  Rendered dashboard/index.html.erb within layouts/application (Duration: 16.8ms | Allocations: 347)
  Rendered layout layouts/application.html.erb (Duration: 106.9ms | Allocations: 1513)
Completed 200 OK in 193ms (Views: 119.1ms | ActiveRecord: 0.6ms | Allocations: 3369)


Started GET "/logout" for ::1 at 2024-08-07 12:34:43 +0530
  
ActionController::RoutingError (No route matches [GET] "/logout"):
  
Started GET "/" for ::1 at 2024-08-07 12:34:52 +0530
Processing by SessionsController#new as HTML
  Rendering layout layouts/application.html.erb
  Rendering sessions/new.html.erb within layouts/application
  Rendered sessions/new.html.erb within layouts/application (Duration: 3.7ms | Allocations: 2321)
  Rendered layout layouts/application.html.erb (Duration: 91.0ms | Allocations: 3475)
Completed 200 OK in 184ms (Views: 94.0ms | ActiveRecord: 0.0ms | Allocations: 3769)


Started GET "/" for ::1 at 2024-08-07 12:36:50 +0530
Processing by DashboardController#index as HTML
  [1m[36mUser Load (0.8ms)[0m  [1m[34mSELECT "users".* FROM "users" WHERE "users"."id" = $1 LIMIT $2[0m  [["id", 1], ["LIMIT", 1]]
  ↳ app/controllers/application_controller.rb:5:in `current_user'
  Rendering layout layouts/application.html.erb
  Rendering dashboard/index.html.erb within layouts/application
  Rendered dashboard/index.html.erb within layouts/application (Duration: 16.2ms | Allocations: 363)
  Rendered layout layouts/application.html.erb (Duration: 660.3ms | Allocations: 16346)
Completed 200 OK in 1121ms (Views: 700.1ms | ActiveRecord: 12.4ms | Allocations: 22629)


Started GET "/logout" for ::1 at 2024-08-07 12:36:55 +0530
  
ActionController::RoutingError (No route matches [GET] "/logout"):
  
Started GET "/" for ::1 at 2024-08-07 12:36:58 +0530
Processing by DashboardController#index as HTML
  [1m[36mUser Load (1.1ms)[0m  [1m[34mSELECT "users".* FROM "users" WHERE "users"."id" = $1 LIMIT $2[0m  [["id", 1], ["LIMIT", 1]]
  ↳ app/controllers/application_controller.rb:5:in `current_user'
  Rendering layout layouts/application.html.erb
  Rendering dashboard/index.html.erb within layouts/application
  Rendered dashboard/index.html.erb within layouts/application (Duration: 0.9ms | Allocations: 91)
  Rendered layout layouts/application.html.erb (Duration: 118.9ms | Allocations: 1265)
Completed 200 OK in 189ms (Views: 122.7ms | ActiveRecord: 1.0ms | Allocations: 2286)


Started GET "/logout" for ::1 at 2024-08-07 12:37:01 +0530
  
ActionController::RoutingError (No route matches [GET] "/logout"):
  
Started GET "/" for ::1 at 2024-08-07 12:37:21 +0530
Processing by DashboardController#index as HTML
  [1m[36mUser Load (0.9ms)[0m  [1m[34mSELECT "users".* FROM "users" WHERE "users"."id" = $1 LIMIT $2[0m  [["id", 1], ["LIMIT", 1]]
  ↳ app/controllers/application_controller.rb:5:in `current_user'
  Rendering layout layouts/application.html.erb
  Rendering dashboard/index.html.erb within layouts/application
  Rendered dashboard/index.html.erb within layouts/application (Duration: 0.8ms | Allocations: 91)
  Rendered layout layouts/application.html.erb (Duration: 412.1ms | Allocations: 3019)
Completed 200 OK in 529ms (Views: 416.8ms | ActiveRecord: 0.9ms | Allocations: 4430)


Started GET "/" for ::1 at 2024-08-07 12:37:41 +0530
Processing by DashboardController#index as HTML
  [1m[36mUser Load (0.8ms)[0m  [1m[34mSELECT "users".* FROM "users" WHERE "users"."id" = $1 LIMIT $2[0m  [["id", 1], ["LIMIT", 1]]
  ↳ app/controllers/application_controller.rb:5:in `current_user'
  Rendering layout layouts/application.html.erb
  Rendering dashboard/index.html.erb within layouts/application
  Rendered dashboard/index.html.erb within layouts/application (Duration: 1.2ms | Allocations: 91)
  Rendered layout layouts/application.html.erb (Duration: 116.4ms | Allocations: 1257)
Completed 200 OK in 162ms (Views: 120.0ms | ActiveRecord: 0.7ms | Allocations: 2280)


Started GET "/" for ::1 at 2024-08-07 12:37:46 +0530
Processing by DashboardController#index as HTML
  [1m[36mUser Load (0.4ms)[0m  [1m[34mSELECT "users".* FROM "users" WHERE "users"."id" = $1 LIMIT $2[0m  [["id", 1], ["LIMIT", 1]]
  ↳ app/controllers/application_controller.rb:5:in `current_user'
  Rendering layout layouts/application.html.erb
  Rendering dashboard/index.html.erb within layouts/application
  Rendered dashboard/index.html.erb within layouts/application (Duration: 1.0ms | Allocations: 91)
  Rendered layout layouts/application.html.erb (Duration: 104.6ms | Allocations: 1257)
Completed 200 OK in 165ms (Views: 111.2ms | ActiveRecord: 0.4ms | Allocations: 2282)


Started GET "/logout" for ::1 at 2024-08-07 12:37:48 +0530
  
ActionController::RoutingError (No route matches [GET] "/logout"):
  
Started GET "/" for ::1 at 2024-08-07 12:37:53 +0530
Processing by DashboardController#index as HTML
  [1m[36mUser Load (1.0ms)[0m  [1m[34mSELECT "users".* FROM "users" WHERE "users"."id" = $1 LIMIT $2[0m  [["id", 1], ["LIMIT", 1]]
  ↳ app/controllers/application_controller.rb:5:in `current_user'
  Rendering layout layouts/application.html.erb
  Rendering dashboard/index.html.erb within layouts/application
  Rendered dashboard/index.html.erb within layouts/application (Duration: 0.9ms | Allocations: 91)
  Rendered layout layouts/application.html.erb (Duration: 114.1ms | Allocations: 1259)
Completed 200 OK in 171ms (Views: 117.4ms | ActiveRecord: 0.9ms | Allocations: 2281)


Started GET "/" for ::1 at 2024-08-07 12:39:09 +0530
Processing by DashboardController#index as HTML
  [1m[36mUser Load (0.8ms)[0m  [1m[34mSELECT "users".* FROM "users" WHERE "users"."id" = $1 LIMIT $2[0m  [["id", 1], ["LIMIT", 1]]
  ↳ app/controllers/application_controller.rb:5:in `current_user'
  Rendering layout layouts/application.html.erb
  Rendering dashboard/index.html.erb within layouts/application
  Rendered dashboard/index.html.erb within layouts/application (Duration: 0.9ms | Allocations: 91)
  Rendered layout layouts/application.html.erb (Duration: 323.1ms | Allocations: 1257)
Completed 200 OK in 399ms (Views: 327.7ms | ActiveRecord: 0.8ms | Allocations: 2286)


Started GET "/" for ::1 at 2024-08-07 12:39:30 +0530
Processing by DashboardController#index as HTML
  [1m[36mUser Load (0.8ms)[0m  [1m[34mSELECT "users".* FROM "users" WHERE "users"."id" = $1 LIMIT $2[0m  [["id", 1], ["LIMIT", 1]]
  ↳ app/controllers/application_controller.rb:5:in `current_user'
  Rendering layout layouts/application.html.erb
  Rendering dashboard/index.html.erb within layouts/application
  Rendered dashboard/index.html.erb within layouts/application (Duration: 1.9ms | Allocations: 91)
  Rendered layout layouts/application.html.erb (Duration: 79.8ms | Allocations: 1257)
Completed 200 OK in 119ms (Views: 82.1ms | ActiveRecord: 0.8ms | Allocations: 2270)


Started GET "/logout" for ::1 at 2024-08-07 12:40:27 +0530
  
ActionController::RoutingError (No route matches [GET] "/logout"):
  
Started GET "/rails/info/routes?query=logout_path" for ::1 at 2024-08-07 12:40:29 +0530
Processing by Rails::InfoController#routes as */*
  Parameters: {"query"=>"logout_path"}
Completed 200 OK in 84ms (Views: 1.6ms | ActiveRecord: 0.0ms | Allocations: 9036)


Started GET "/rails/info/routes?query=logout_path" for ::1 at 2024-08-07 12:40:30 +0530
Processing by Rails::InfoController#routes as */*
  Parameters: {"query"=>"logout_path"}
Completed 200 OK in 37ms (Views: 0.3ms | ActiveRecord: 0.0ms | Allocations: 7855)


Started GET "/rails/info/routes?query=logout_path" for ::1 at 2024-08-07 12:40:30 +0530
Processing by Rails::InfoController#routes as */*
  Parameters: {"query"=>"logout_path"}
Completed 200 OK in 50ms (Views: 0.3ms | ActiveRecord: 0.0ms | Allocations: 7856)


Started GET "/" for ::1 at 2024-08-07 12:41:31 +0530
Processing by DashboardController#index as HTML
  [1m[36mUser Load (0.4ms)[0m  [1m[34mSELECT "users".* FROM "users" WHERE "users"."id" = $1 LIMIT $2[0m  [["id", 1], ["LIMIT", 1]]
  ↳ app/controllers/application_controller.rb:5:in `current_user'
  Rendering layout layouts/application.html.erb
  Rendering dashboard/index.html.erb within layouts/application
  Rendered dashboard/index.html.erb within layouts/application (Duration: 15.5ms | Allocations: 417)
  Rendered layout layouts/application.html.erb (Duration: 545.6ms | Allocations: 16459)
Completed 200 OK in 748ms (Views: 569.7ms | ActiveRecord: 5.1ms | Allocations: 22785)


Started GET "/" for ::1 at 2024-08-07 12:43:44 +0530
  [1m[36mActiveRecord::SchemaMigration Load (1.0ms)[0m  [1m[34mSELECT "schema_migrations"."version" FROM "schema_migrations" ORDER BY "schema_migrations"."version" ASC[0m
Processing by DashboardController#index as HTML
  [1m[36mUser Load (0.8ms)[0m  [1m[34mSELECT "users".* FROM "users" WHERE "users"."id" = $1 LIMIT $2[0m  [["id", 1], ["LIMIT", 1]]
  ↳ app/controllers/application_controller.rb:5:in `current_user'
  Rendering layout layouts/application.html.erb
  Rendering dashboard/index.html.erb within layouts/application
  Rendered dashboard/index.html.erb within layouts/application (Duration: 28.0ms | Allocations: 605)
  Rendered layout layouts/application.html.erb (Duration: 879.2ms | Allocations: 21286)
Completed 200 OK in 1551ms (Views: 980.4ms | ActiveRecord: 34.0ms | Allocations: 132276)


Started DELETE "/logout" for ::1 at 2024-08-07 12:43:50 +0530
Processing by SessionsController#destroy as HTML
  Parameters: {"authenticity_token"=>"[FILTERED]"}
Redirected to http://localhost:3000/login
Completed 302 Found in 44ms (ActiveRecord: 0.0ms | Allocations: 600)


Started GET "/login" for ::1 at 2024-08-07 12:43:50 +0530
Processing by SessionsController#new as HTML
  Rendering layout layouts/application.html.erb
  Rendering sessions/new.html.erb within layouts/application
  Rendered sessions/new.html.erb within layouts/application (Duration: 45.8ms | Allocations: 3519)
  Rendered layout layouts/application.html.erb (Duration: 144.8ms | Allocations: 5907)
Completed 200 OK in 194ms (Views: 155.3ms | ActiveRecord: 0.0ms | Allocations: 6337)


Started GET "/" for ::1 at 2024-08-07 12:43:55 +0530
Processing by DashboardController#index as HTML
Redirected to http://localhost:3000/login
Filter chain halted as :require_login rendered or redirected
Completed 302 Found in 37ms (ActiveRecord: 0.0ms | Allocations: 427)


Started GET "/login" for ::1 at 2024-08-07 12:43:56 +0530
Processing by SessionsController#new as HTML
  Rendering layout layouts/application.html.erb
  Rendering sessions/new.html.erb within layouts/application
  Rendered sessions/new.html.erb within layouts/application (Duration: 2.6ms | Allocations: 2329)
  Rendered layout layouts/application.html.erb (Duration: 120.8ms | Allocations: 4719)
Completed 200 OK in 163ms (Views: 126.4ms | ActiveRecord: 0.0ms | Allocations: 5019)


Started GET "/" for ::1 at 2024-08-07 12:43:59 +0530
Processing by DashboardController#index as HTML
Redirected to http://localhost:3000/login
Filter chain halted as :require_login rendered or redirected
Completed 302 Found in 39ms (ActiveRecord: 0.0ms | Allocations: 404)


Started GET "/login" for ::1 at 2024-08-07 12:44:00 +0530
Processing by SessionsController#new as HTML
  Rendering layout layouts/application.html.erb
  Rendering sessions/new.html.erb within layouts/application
  Rendered sessions/new.html.erb within layouts/application (Duration: 3.6ms | Allocations: 2339)
  Rendered layout layouts/application.html.erb (Duration: 118.5ms | Allocations: 4725)
Completed 200 OK in 141ms (Views: 121.9ms | ActiveRecord: 0.0ms | Allocations: 5025)


Started POST "/login" for ::1 at 2024-08-07 12:44:23 +0530
Processing by SessionsController#create as HTML
  Parameters: {"authenticity_token"=>"[FILTERED]", "email"=>"admin@example.com", "password"=>"[FILTERED]", "commit"=>"Log In"}
  [1m[36mUser Load (0.6ms)[0m  [1m[34mSELECT "users".* FROM "users" WHERE "users"."email" = $1 LIMIT $2[0m  [["email", "admin@example.com"], ["LIMIT", 1]]
  ↳ app/controllers/sessions_controller.rb:6:in `create'
Redirected to http://localhost:3000/dashboard
Completed 302 Found in 474ms (ActiveRecord: 0.6ms | Allocations: 1129)


Started GET "/dashboard" for ::1 at 2024-08-07 12:44:24 +0530
Processing by DashboardController#index as HTML
  [1m[36mUser Load (0.5ms)[0m  [1m[34mSELECT "users".* FROM "users" WHERE "users"."id" = $1 LIMIT $2[0m  [["id", 1], ["LIMIT", 1]]
  ↳ app/controllers/application_controller.rb:5:in `current_user'
  Rendering layout layouts/application.html.erb
  Rendering dashboard/index.html.erb within layouts/application
  Rendered dashboard/index.html.erb within layouts/application (Duration: 1.1ms | Allocations: 163)
  Rendered layout layouts/application.html.erb (Duration: 153.0ms | Allocations: 2549)
Completed 200 OK in 205ms (Views: 157.3ms | ActiveRecord: 0.5ms | Allocations: 3587)


Started DELETE "/logout" for ::1 at 2024-08-07 12:44:30 +0530
Processing by SessionsController#destroy as HTML
  Parameters: {"authenticity_token"=>"[FILTERED]"}
Redirected to http://localhost:3000/login
Completed 302 Found in 37ms (ActiveRecord: 0.0ms | Allocations: 423)


Started GET "/login" for ::1 at 2024-08-07 12:44:30 +0530
Processing by SessionsController#new as HTML
  Rendering layout layouts/application.html.erb
  Rendering sessions/new.html.erb within layouts/application
  Rendered sessions/new.html.erb within layouts/application (Duration: 2.6ms | Allocations: 2336)
  Rendered layout layouts/application.html.erb (Duration: 124.0ms | Allocations: 4722)
Completed 200 OK in 160ms (Views: 127.3ms | ActiveRecord: 0.0ms | Allocations: 5016)


Started GET "/" for ::1 at 2024-08-07 12:45:46 +0530
  
AbstractController::ActionNotFound (The action 'index' could not be found for SessionsController):
  
actionpack (7.1.3.4) lib/abstract_controller/base.rb:155:in `process'
actionview (7.1.3.4) lib/action_view/rendering.rb:40:in `process'
actionpack (7.1.3.4) lib/action_controller/metal.rb:227:in `dispatch'
actionpack (7.1.3.4) lib/action_controller/metal.rb:309:in `dispatch'
actionpack (7.1.3.4) lib/action_dispatch/routing/route_set.rb:49:in `dispatch'
actionpack (7.1.3.4) lib/action_dispatch/routing/route_set.rb:32:in `serve'
actionpack (7.1.3.4) lib/action_dispatch/journey/router.rb:51:in `block in serve'
actionpack (7.1.3.4) lib/action_dispatch/journey/router.rb:131:in `block in find_routes'
actionpack (7.1.3.4) lib/action_dispatch/journey/router.rb:124:in `each'
actionpack (7.1.3.4) lib/action_dispatch/journey/router.rb:124:in `find_routes'
actionpack (7.1.3.4) lib/action_dispatch/journey/router.rb:32:in `serve'
actionpack (7.1.3.4) lib/action_dispatch/routing/route_set.rb:882:in `call'
rack (3.1.6) lib/rack/tempfile_reaper.rb:20:in `call'
rack (3.1.6) lib/rack/etag.rb:29:in `call'
rack (3.1.6) lib/rack/conditional_get.rb:31:in `call'
rack (3.1.6) lib/rack/head.rb:15:in `call'
actionpack (7.1.3.4) lib/action_dispatch/http/permissions_policy.rb:36:in `call'
actionpack (7.1.3.4) lib/action_dispatch/http/content_security_policy.rb:33:in `call'
rack-session (2.0.0) lib/rack/session/abstract/id.rb:272:in `context'
rack-session (2.0.0) lib/rack/session/abstract/id.rb:266:in `call'
actionpack (7.1.3.4) lib/action_dispatch/middleware/cookies.rb:689:in `call'
activerecord (7.1.3.4) lib/active_record/migration.rb:655:in `call'
actionpack (7.1.3.4) lib/action_dispatch/middleware/callbacks.rb:29:in `block in call'
activesupport (7.1.3.4) lib/active_support/callbacks.rb:101:in `run_callbacks'
actionpack (7.1.3.4) lib/action_dispatch/middleware/callbacks.rb:28:in `call'
actionpack (7.1.3.4) lib/action_dispatch/middleware/executor.rb:14:in `call'
actionpack (7.1.3.4) lib/action_dispatch/middleware/actionable_exceptions.rb:16:in `call'
actionpack (7.1.3.4) lib/action_dispatch/middleware/debug_exceptions.rb:29:in `call'
web-console (4.2.1) lib/web_console/middleware.rb:132:in `call_app'
web-console (4.2.1) lib/web_console/middleware.rb:28:in `block in call'
web-console (4.2.1) lib/web_console/middleware.rb:17:in `catch'
web-console (4.2.1) lib/web_console/middleware.rb:17:in `call'
actionpack (7.1.3.4) lib/action_dispatch/middleware/show_exceptions.rb:31:in `call'
railties (7.1.3.4) lib/rails/rack/logger.rb:37:in `call_app'
railties (7.1.3.4) lib/rails/rack/logger.rb:24:in `block in call'
activesupport (7.1.3.4) lib/active_support/tagged_logging.rb:135:in `block in tagged'
activesupport (7.1.3.4) lib/active_support/tagged_logging.rb:39:in `tagged'
activesupport (7.1.3.4) lib/active_support/tagged_logging.rb:135:in `tagged'
activesupport (7.1.3.4) lib/active_support/broadcast_logger.rb:240:in `method_missing'
railties (7.1.3.4) lib/rails/rack/logger.rb:24:in `call'
sprockets-rails (3.5.1) lib/sprockets/rails/quiet_assets.rb:17:in `call'
actionpack (7.1.3.4) lib/action_dispatch/middleware/remote_ip.rb:92:in `call'
actionpack (7.1.3.4) lib/action_dispatch/middleware/request_id.rb:28:in `call'
rack (3.1.6) lib/rack/method_override.rb:28:in `call'
rack (3.1.6) lib/rack/runtime.rb:24:in `call'
activesupport (7.1.3.4) lib/active_support/cache/strategy/local_cache_middleware.rb:29:in `call'
actionpack (7.1.3.4) lib/action_dispatch/middleware/server_timing.rb:59:in `block in call'
actionpack (7.1.3.4) lib/action_dispatch/middleware/server_timing.rb:24:in `collect_events'
actionpack (7.1.3.4) lib/action_dispatch/middleware/server_timing.rb:58:in `call'
actionpack (7.1.3.4) lib/action_dispatch/middleware/executor.rb:14:in `call'
actionpack (7.1.3.4) lib/action_dispatch/middleware/static.rb:25:in `call'
rack (3.1.6) lib/rack/sendfile.rb:114:in `call'
actionpack (7.1.3.4) lib/action_dispatch/middleware/host_authorization.rb:141:in `call'
railties (7.1.3.4) lib/rails/engine.rb:536:in `call'
puma (6.4.2) lib/puma/configuration.rb:272:in `call'
puma (6.4.2) lib/puma/request.rb:100:in `block in handle_request'
puma (6.4.2) lib/puma/thread_pool.rb:378:in `with_force_shutdown'
puma (6.4.2) lib/puma/request.rb:99:in `handle_request'
puma (6.4.2) lib/puma/server.rb:464:in `process_client'
puma (6.4.2) lib/puma/server.rb:245:in `block in run'
puma (6.4.2) lib/puma/thread_pool.rb:155:in `block in spawn_thread'
Started GET "/" for ::1 at 2024-08-07 12:45:48 +0530
  
AbstractController::ActionNotFound (The action 'index' could not be found for SessionsController):
  
actionpack (7.1.3.4) lib/abstract_controller/base.rb:155:in `process'
actionview (7.1.3.4) lib/action_view/rendering.rb:40:in `process'
actionpack (7.1.3.4) lib/action_controller/metal.rb:227:in `dispatch'
actionpack (7.1.3.4) lib/action_controller/metal.rb:309:in `dispatch'
actionpack (7.1.3.4) lib/action_dispatch/routing/route_set.rb:49:in `dispatch'
actionpack (7.1.3.4) lib/action_dispatch/routing/route_set.rb:32:in `serve'
actionpack (7.1.3.4) lib/action_dispatch/journey/router.rb:51:in `block in serve'
actionpack (7.1.3.4) lib/action_dispatch/journey/router.rb:131:in `block in find_routes'
actionpack (7.1.3.4) lib/action_dispatch/journey/router.rb:124:in `each'
actionpack (7.1.3.4) lib/action_dispatch/journey/router.rb:124:in `find_routes'
actionpack (7.1.3.4) lib/action_dispatch/journey/router.rb:32:in `serve'
actionpack (7.1.3.4) lib/action_dispatch/routing/route_set.rb:882:in `call'
rack (3.1.6) lib/rack/tempfile_reaper.rb:20:in `call'
rack (3.1.6) lib/rack/etag.rb:29:in `call'
rack (3.1.6) lib/rack/conditional_get.rb:31:in `call'
rack (3.1.6) lib/rack/head.rb:15:in `call'
actionpack (7.1.3.4) lib/action_dispatch/http/permissions_policy.rb:36:in `call'
actionpack (7.1.3.4) lib/action_dispatch/http/content_security_policy.rb:33:in `call'
rack-session (2.0.0) lib/rack/session/abstract/id.rb:272:in `context'
rack-session (2.0.0) lib/rack/session/abstract/id.rb:266:in `call'
actionpack (7.1.3.4) lib/action_dispatch/middleware/cookies.rb:689:in `call'
activerecord (7.1.3.4) lib/active_record/migration.rb:655:in `call'
actionpack (7.1.3.4) lib/action_dispatch/middleware/callbacks.rb:29:in `block in call'
activesupport (7.1.3.4) lib/active_support/callbacks.rb:101:in `run_callbacks'
actionpack (7.1.3.4) lib/action_dispatch/middleware/callbacks.rb:28:in `call'
actionpack (7.1.3.4) lib/action_dispatch/middleware/executor.rb:14:in `call'
actionpack (7.1.3.4) lib/action_dispatch/middleware/actionable_exceptions.rb:16:in `call'
actionpack (7.1.3.4) lib/action_dispatch/middleware/debug_exceptions.rb:29:in `call'
web-console (4.2.1) lib/web_console/middleware.rb:132:in `call_app'
web-console (4.2.1) lib/web_console/middleware.rb:28:in `block in call'
web-console (4.2.1) lib/web_console/middleware.rb:17:in `catch'
web-console (4.2.1) lib/web_console/middleware.rb:17:in `call'
actionpack (7.1.3.4) lib/action_dispatch/middleware/show_exceptions.rb:31:in `call'
railties (7.1.3.4) lib/rails/rack/logger.rb:37:in `call_app'
railties (7.1.3.4) lib/rails/rack/logger.rb:24:in `block in call'
activesupport (7.1.3.4) lib/active_support/tagged_logging.rb:135:in `block in tagged'
activesupport (7.1.3.4) lib/active_support/tagged_logging.rb:39:in `tagged'
activesupport (7.1.3.4) lib/active_support/tagged_logging.rb:135:in `tagged'
activesupport (7.1.3.4) lib/active_support/broadcast_logger.rb:240:in `method_missing'
railties (7.1.3.4) lib/rails/rack/logger.rb:24:in `call'
sprockets-rails (3.5.1) lib/sprockets/rails/quiet_assets.rb:17:in `call'
actionpack (7.1.3.4) lib/action_dispatch/middleware/remote_ip.rb:92:in `call'
actionpack (7.1.3.4) lib/action_dispatch/middleware/request_id.rb:28:in `call'
rack (3.1.6) lib/rack/method_override.rb:28:in `call'
rack (3.1.6) lib/rack/runtime.rb:24:in `call'
activesupport (7.1.3.4) lib/active_support/cache/strategy/local_cache_middleware.rb:29:in `call'
actionpack (7.1.3.4) lib/action_dispatch/middleware/server_timing.rb:59:in `block in call'
actionpack (7.1.3.4) lib/action_dispatch/middleware/server_timing.rb:24:in `collect_events'
actionpack (7.1.3.4) lib/action_dispatch/middleware/server_timing.rb:58:in `call'
actionpack (7.1.3.4) lib/action_dispatch/middleware/executor.rb:14:in `call'
actionpack (7.1.3.4) lib/action_dispatch/middleware/static.rb:25:in `call'
rack (3.1.6) lib/rack/sendfile.rb:114:in `call'
actionpack (7.1.3.4) lib/action_dispatch/middleware/host_authorization.rb:141:in `call'
railties (7.1.3.4) lib/rails/engine.rb:536:in `call'
puma (6.4.2) lib/puma/configuration.rb:272:in `call'
puma (6.4.2) lib/puma/request.rb:100:in `block in handle_request'
puma (6.4.2) lib/puma/thread_pool.rb:378:in `with_force_shutdown'
puma (6.4.2) lib/puma/request.rb:99:in `handle_request'
puma (6.4.2) lib/puma/server.rb:464:in `process_client'
puma (6.4.2) lib/puma/server.rb:245:in `block in run'
puma (6.4.2) lib/puma/thread_pool.rb:155:in `block in spawn_thread'
Started GET "/" for ::1 at 2024-08-07 12:45:58 +0530
Processing by SessionsController#new as HTML
  Rendering layout layouts/application.html.erb
  Rendering sessions/new.html.erb within layouts/application
  Rendered sessions/new.html.erb within layouts/application (Duration: 18.1ms | Allocations: 2626)
  Rendered layout layouts/application.html.erb (Duration: 164.2ms | Allocations: 5300)
Completed 200 OK in 261ms (Views: 197.3ms | ActiveRecord: 0.0ms | Allocations: 6411)


Started POST "/login" for ::1 at 2024-08-07 12:46:02 +0530
Processing by SessionsController#create as HTML
  Parameters: {"authenticity_token"=>"[FILTERED]", "email"=>"admin@example.com", "password"=>"[FILTERED]", "commit"=>"Log In"}
  [1m[36mUser Load (0.6ms)[0m  [1m[34mSELECT "users".* FROM "users" WHERE "users"."email" = $1 LIMIT $2[0m  [["email", "admin@example.com"], ["LIMIT", 1]]
  ↳ app/controllers/sessions_controller.rb:6:in `create'
Redirected to http://localhost:3000/dashboard
Completed 302 Found in 630ms (ActiveRecord: 8.9ms | Allocations: 5080)


Started GET "/dashboard" for ::1 at 2024-08-07 12:46:03 +0530
Processing by DashboardController#index as HTML
  [1m[36mUser Load (1.0ms)[0m  [1m[34mSELECT "users".* FROM "users" WHERE "users"."id" = $1 LIMIT $2[0m  [["id", 1], ["LIMIT", 1]]
  ↳ app/controllers/application_controller.rb:5:in `current_user'
  Rendering layout layouts/application.html.erb
  Rendering dashboard/index.html.erb within layouts/application
  Rendered dashboard/index.html.erb within layouts/application (Duration: 19.2ms | Allocations: 381)
  Rendered layout layouts/application.html.erb (Duration: 192.0ms | Allocations: 2767)
Completed 200 OK in 293ms (Views: 205.6ms | ActiveRecord: 0.9ms | Allocations: 4569)


Started DELETE "/logout" for ::1 at 2024-08-07 12:46:09 +0530
Processing by SessionsController#destroy as HTML
  Parameters: {"authenticity_token"=>"[FILTERED]"}
Redirected to http://localhost:3000/login
Completed 302 Found in 35ms (ActiveRecord: 0.0ms | Allocations: 432)


Started GET "/login" for ::1 at 2024-08-07 12:46:09 +0530
Processing by SessionsController#new as HTML
  Rendering layout layouts/application.html.erb
  Rendering sessions/new.html.erb within layouts/application
  Rendered sessions/new.html.erb within layouts/application (Duration: 4.2ms | Allocations: 2333)
  Rendered layout layouts/application.html.erb (Duration: 129.4ms | Allocations: 4719)
Completed 200 OK in 159ms (Views: 132.9ms | ActiveRecord: 0.0ms | Allocations: 5018)


Started GET "/login" for ::1 at 2024-08-07 12:46:40 +0530
Processing by SessionsController#new as HTML
  Rendering layout layouts/application.html.erb
  Rendering sessions/new.html.erb within layouts/application
  Rendered sessions/new.html.erb within layouts/application (Duration: 16.4ms | Allocations: 2633)
  Rendered layout layouts/application.html.erb (Duration: 148.3ms | Allocations: 5283)
Completed 200 OK in 228ms (Views: 170.3ms | ActiveRecord: 0.0ms | Allocations: 6392)


Started GET "/signup" for ::1 at 2024-08-07 12:46:43 +0530
Processing by UsersController#new as HTML
  Rendering layout layouts/application.html.erb
  Rendering users/new.html.erb within layouts/application
  Rendered users/new.html.erb within layouts/application (Duration: 15.0ms | Allocations: 1593)
  Rendered layout layouts/application.html.erb (Duration: 135.2ms | Allocations: 3980)
Completed 200 OK in 277ms (Views: 143.2ms | ActiveRecord: 4.9ms | Allocations: 8185)


Started POST "/signup" for ::1 at 2024-08-07 12:47:27 +0530
Processing by UsersController#create as HTML
  Parameters: {"authenticity_token"=>"[FILTERED]", "user"=>{"username"=>"ttttt", "email"=>"user@example.com", "password"=>"[FILTERED]", "password_confirmation"=>"[FILTERED]"}, "commit"=>"Sign Up"}
  [1m[36mTRANSACTION (0.4ms)[0m  [1m[35mBEGIN[0m
  ↳ app/controllers/users_controller.rb:8:in `create'
  [1m[36mUser Exists? (5.7ms)[0m  [1m[34mSELECT 1 AS one FROM "users" WHERE "users"."username" = $1 LIMIT $2[0m  [["username", "ttttt"], ["LIMIT", 1]]
  ↳ app/controllers/users_controller.rb:8:in `create'
  [1m[36mUser Exists? (0.6ms)[0m  [1m[34mSELECT 1 AS one FROM "users" WHERE "users"."email" = $1 LIMIT $2[0m  [["email", "user@example.com"], ["LIMIT", 1]]
  ↳ app/controllers/users_controller.rb:8:in `create'
  [1m[36mTRANSACTION (1.7ms)[0m  [1m[31mROLLBACK[0m
  ↳ app/controllers/users_controller.rb:8:in `create'
  Rendering layout layouts/application.html.erb
  Rendering users/new.html.erb within layouts/application
  Rendered users/new.html.erb within layouts/application (Duration: 7.9ms | Allocations: 1480)
  Rendered layout layouts/application.html.erb (Duration: 151.1ms | Allocations: 3908)
Completed 200 OK in 620ms (Views: 154.5ms | ActiveRecord: 8.4ms | Allocations: 8395)


Started POST "/signup" for ::1 at 2024-08-07 12:47:44 +0530
Processing by UsersController#create as HTML
  Parameters: {"authenticity_token"=>"[FILTERED]", "user"=>{"username"=>"ttttt", "email"=>"user@example.com", "password"=>"[FILTERED]", "password_confirmation"=>"[FILTERED]"}, "commit"=>"Sign Up"}
  [1m[36mTRANSACTION (0.5ms)[0m  [1m[35mBEGIN[0m
  ↳ app/controllers/users_controller.rb:8:in `create'
  [1m[36mUser Exists? (5.6ms)[0m  [1m[34mSELECT 1 AS one FROM "users" WHERE "users"."username" = $1 LIMIT $2[0m  [["username", "ttttt"], ["LIMIT", 1]]
  ↳ app/controllers/users_controller.rb:8:in `create'
  [1m[36mUser Exists? (1.2ms)[0m  [1m[34mSELECT 1 AS one FROM "users" WHERE "users"."email" = $1 LIMIT $2[0m  [["email", "user@example.com"], ["LIMIT", 1]]
  ↳ app/controllers/users_controller.rb:8:in `create'
  [1m[36mUser Create (16.2ms)[0m  [1m[32mINSERT INTO "users" ("username", "email", "password_digest", "created_at", "updated_at") VALUES ($1, $2, $3, $4, $5) RETURNING "id"[0m  [["username", "ttttt"], ["email", "user@example.com"], ["password_digest", "[FILTERED]"], ["created_at", "2024-08-07 07:17:45.481153"], ["updated_at", "2024-08-07 07:17:45.481153"]]
  ↳ app/controllers/users_controller.rb:8:in `create'
  [1m[36mTRANSACTION (15.1ms)[0m  [1m[35mCOMMIT[0m
  ↳ app/controllers/users_controller.rb:8:in `create'
Redirected to http://localhost:3000/dashboard
Completed 302 Found in 508ms (ActiveRecord: 38.4ms | Allocations: 4683)


Started GET "/dashboard" for ::1 at 2024-08-07 12:47:45 +0530
Processing by DashboardController#index as HTML
  [1m[36mUser Load (0.5ms)[0m  [1m[34mSELECT "users".* FROM "users" WHERE "users"."id" = $1 LIMIT $2[0m  [["id", 3], ["LIMIT", 1]]
  ↳ app/controllers/application_controller.rb:5:in `current_user'
  Rendering layout layouts/application.html.erb
  Rendering dashboard/index.html.erb within layouts/application
  Rendered dashboard/index.html.erb within layouts/application (Duration: 14.7ms | Allocations: 377)
  Rendered layout layouts/application.html.erb (Duration: 136.8ms | Allocations: 2763)
Completed 200 OK in 206ms (Views: 149.0ms | ActiveRecord: 0.5ms | Allocations: 4547)


Started DELETE "/logout" for ::1 at 2024-08-07 12:47:52 +0530
Processing by SessionsController#destroy as HTML
  Parameters: {"authenticity_token"=>"[FILTERED]"}
Redirected to http://localhost:3000/login
Completed 302 Found in 45ms (ActiveRecord: 0.0ms | Allocations: 437)


Started GET "/login" for ::1 at 2024-08-07 12:47:52 +0530
Processing by SessionsController#new as HTML
  Rendering layout layouts/application.html.erb
  Rendering sessions/new.html.erb within layouts/application
  Rendered sessions/new.html.erb within layouts/application (Duration: 2.9ms | Allocations: 2360)
  Rendered layout layouts/application.html.erb (Duration: 118.9ms | Allocations: 4746)
Completed 200 OK in 153ms (Views: 121.2ms | ActiveRecord: 0.0ms | Allocations: 5040)


Started GET "/signup" for ::1 at 2024-08-07 12:47:55 +0530
Processing by UsersController#new as HTML
  Rendering layout layouts/application.html.erb
  Rendering users/new.html.erb within layouts/application
  Rendered users/new.html.erb within layouts/application (Duration: 2.7ms | Allocations: 1057)
  Rendered layout layouts/application.html.erb (Duration: 122.6ms | Allocations: 3443)
Completed 200 OK in 160ms (Views: 126.6ms | ActiveRecord: 0.0ms | Allocations: 3752)


Started DELETE "/logout" for ::1 at 2024-08-07 12:48:03 +0530
Processing by SessionsController#destroy as HTML
  Parameters: {"authenticity_token"=>"[FILTERED]"}
Redirected to http://localhost:3000/login
Completed 302 Found in 37ms (ActiveRecord: 0.0ms | Allocations: 406)


Started GET "/login" for ::1 at 2024-08-07 12:48:03 +0530
Processing by SessionsController#new as HTML
  Rendering layout layouts/application.html.erb
  Rendering sessions/new.html.erb within layouts/application
  Rendered sessions/new.html.erb within layouts/application (Duration: 3.1ms | Allocations: 2348)
  Rendered layout layouts/application.html.erb (Duration: 137.8ms | Allocations: 4734)
Completed 200 OK in 178ms (Views: 141.9ms | ActiveRecord: 0.0ms | Allocations: 5028)


Started POST "/login" for ::1 at 2024-08-07 12:48:08 +0530
Processing by SessionsController#create as HTML
  Parameters: {"authenticity_token"=>"[FILTERED]", "email"=>"admin@example.com", "password"=>"[FILTERED]", "commit"=>"Log In"}
  [1m[36mUser Load (0.5ms)[0m  [1m[34mSELECT "users".* FROM "users" WHERE "users"."email" = $1 LIMIT $2[0m  [["email", "admin@example.com"], ["LIMIT", 1]]
  ↳ app/controllers/sessions_controller.rb:6:in `create'
Redirected to http://localhost:3000/dashboard
Completed 302 Found in 439ms (ActiveRecord: 0.4ms | Allocations: 1081)


Started GET "/dashboard" for ::1 at 2024-08-07 12:48:09 +0530
Processing by DashboardController#index as HTML
  [1m[36mUser Load (0.7ms)[0m  [1m[34mSELECT "users".* FROM "users" WHERE "users"."id" = $1 LIMIT $2[0m  [["id", 1], ["LIMIT", 1]]
  ↳ app/controllers/application_controller.rb:5:in `current_user'
  Rendering layout layouts/application.html.erb
  Rendering dashboard/index.html.erb within layouts/application
  Rendered dashboard/index.html.erb within layouts/application (Duration: 1.3ms | Allocations: 163)
  Rendered layout layouts/application.html.erb (Duration: 128.0ms | Allocations: 2549)
Completed 200 OK in 171ms (Views: 132.4ms | ActiveRecord: 0.7ms | Allocations: 3580)


Started GET "/dashboard" for ::1 at 2024-08-07 15:09:17 +0530
  [1m[36mActiveRecord::SchemaMigration Load (3.4ms)[0m  [1m[34mSELECT "schema_migrations"."version" FROM "schema_migrations" ORDER BY "schema_migrations"."version" ASC[0m
Processing by DashboardController#index as HTML
  [1m[36mUser Load (5.4ms)[0m  [1m[34mSELECT "users".* FROM "users" WHERE "users"."id" = $1 LIMIT $2[0m  [["id", 1], ["LIMIT", 1]]
  ↳ app/controllers/application_controller.rb:5:in `current_user'
  Rendering layout layouts/application.html.erb
  Rendering dashboard/index.html.erb within layouts/application
  Rendered dashboard/index.html.erb within layouts/application (Duration: 16.6ms | Allocations: 605)
  Rendered layout layouts/application.html.erb (Duration: 1413.5ms | Allocations: 21265)
Completed 200 OK in 3329ms (Views: 1573.0ms | ActiveRecord: 219.6ms | Allocations: 132253)


